{"C:\\dev\\social-network\\Message.ts": {"path":"C:\\dev\\social-network\\Message.ts","statementMap":{"0":{"start":{"line":2,"column":12},"end":{"line":2,"column":47}},"1":{"start":{"line":7,"column":8},"end":{"line":7,"column":45}},"2":{"start":{"line":8,"column":8},"end":{"line":8,"column":31}},"3":{"start":{"line":12,"column":8},"end":{"line":12,"column":25}},"4":{"start":{"line":16,"column":8},"end":{"line":16,"column":35}},"5":{"start":{"line":20,"column":8},"end":{"line":20,"column":28}},"6":{"start":{"line":24,"column":0},"end":{"line":24,"column":23}}},"fnMap":{"0":{"name":"(anonymous_0)","decl":{"start":{"line":6,"column":4},"end":{"line":6,"column":23}},"loc":{"start":{"line":6,"column":64},"end":{"line":9,"column":5}}},"1":{"name":"(anonymous_1)","decl":{"start":{"line":11,"column":11},"end":{"line":11,"column":18}},"loc":{"start":{"line":11,"column":18},"end":{"line":13,"column":5}}},"2":{"name":"(anonymous_2)","decl":{"start":{"line":15,"column":11},"end":{"line":15,"column":28}},"loc":{"start":{"line":15,"column":28},"end":{"line":17,"column":5}}},"3":{"name":"(anonymous_3)","decl":{"start":{"line":19,"column":11},"end":{"line":19,"column":21}},"loc":{"start":{"line":19,"column":21},"end":{"line":21,"column":5}}}},"branchMap":{},"s":{"0":2,"1":2,"2":2,"3":0,"4":0,"5":0,"6":2},"f":{"0":2,"1":0,"2":0,"3":0},"b":{}}
,"C:\\dev\\social-network\\SocialNetwork.ts": {"path":"C:\\dev\\social-network\\SocialNetwork.ts","statementMap":{"0":{"start":{"line":1,"column":0},"end":{"line":1,"column":32}},"1":{"start":{"line":2,"column":0},"end":{"line":2,"column":26}},"2":{"start":{"line":5,"column":10},"end":{"line":5,"column":33}},"3":{"start":{"line":8,"column":4},"end":{"line":8,"column":26}},"4":{"start":{"line":12,"column":4},"end":{"line":17,"column":null}},"5":{"start":{"line":12,"column":17},"end":{"line":12,"column":18}},"6":{"start":{"line":13,"column":31},"end":{"line":13,"column":48}},"7":{"start":{"line":14,"column":6},"end":{"line":16,"column":null}},"8":{"start":{"line":15,"column":8},"end":{"line":15,"column":21}},"9":{"start":{"line":18,"column":4},"end":{"line":18,"column":16}},"10":{"start":{"line":23,"column":4},"end":{"line":43,"column":null}},"11":{"start":{"line":24,"column":6},"end":{"line":24,"column":71}},"12":{"start":{"line":25,"column":6},"end":{"line":25,"column":19}},"13":{"start":{"line":27,"column":37},"end":{"line":27,"column":68}},"14":{"start":{"line":28,"column":6},"end":{"line":42,"column":null}},"15":{"start":{"line":30,"column":8},"end":{"line":38,"column":null}},"16":{"start":{"line":31,"column":10},"end":{"line":31,"column":75}},"17":{"start":{"line":32,"column":10},"end":{"line":32,"column":23}},"18":{"start":{"line":34,"column":32},"end":{"line":34,"column":60}},"19":{"start":{"line":35,"column":10},"end":{"line":35,"column":39}},"20":{"start":{"line":36,"column":10},"end":{"line":36,"column":67}},"21":{"start":{"line":37,"column":10},"end":{"line":37,"column":22}},"22":{"start":{"line":40,"column":8},"end":{"line":40,"column":82}},"23":{"start":{"line":41,"column":8},"end":{"line":41,"column":21}},"24":{"start":{"line":47,"column":32},"end":{"line":47,"column":53}},"25":{"start":{"line":48,"column":4},"end":{"line":52,"column":null}},"26":{"start":{"line":48,"column":14},"end":{"line":48,"column":15}},"27":{"start":{"line":49,"column":6},"end":{"line":51,"column":null}},"28":{"start":{"line":50,"column":8},"end":{"line":50,"column":33}},"29":{"start":{"line":53,"column":4},"end":{"line":53,"column":21}},"30":{"start":{"line":58,"column":32},"end":{"line":58,"column":53}},"31":{"start":{"line":59,"column":4},"end":{"line":64,"column":null}},"32":{"start":{"line":59,"column":14},"end":{"line":59,"column":15}},"33":{"start":{"line":61,"column":6},"end":{"line":63,"column":null}},"34":{"start":{"line":62,"column":8},"end":{"line":62,"column":33}},"35":{"start":{"line":65,"column":4},"end":{"line":65,"column":21}},"36":{"start":{"line":69,"column":36},"end":{"line":69,"column":73}},"37":{"start":{"line":71,"column":4},"end":{"line":78,"column":null}},"38":{"start":{"line":72,"column":6},"end":{"line":72,"column":35}},"39":{"start":{"line":73,"column":6},"end":{"line":73,"column":23}},"40":{"start":{"line":77,"column":6},"end":{"line":77,"column":32}},"41":{"start":{"line":82,"column":42},"end":{"line":82,"column":79}},"42":{"start":{"line":83,"column":4},"end":{"line":88,"column":null}},"43":{"start":{"line":84,"column":6},"end":{"line":84,"column":59}},"44":{"start":{"line":85,"column":6},"end":{"line":85,"column":18}},"45":{"start":{"line":87,"column":6},"end":{"line":87,"column":19}},"46":{"start":{"line":92,"column":42},"end":{"line":92,"column":79}},"47":{"start":{"line":93,"column":4},"end":{"line":99,"column":null}},"48":{"start":{"line":94,"column":42},"end":{"line":94,"column":88}},"49":{"start":{"line":95,"column":6},"end":{"line":95,"column":56}},"50":{"start":{"line":96,"column":6},"end":{"line":96,"column":18}},"51":{"start":{"line":98,"column":6},"end":{"line":98,"column":19}},"52":{"start":{"line":109,"column":0},"end":{"line":109,"column":29}}},"fnMap":{"0":{"name":"(anonymous_1)","decl":{"start":{"line":4,"column":0},"end":{"line":4,"column":6}},"loc":{"start":{"line":4,"column":0},"end":{"line":107,"column":1}}},"1":{"name":"(anonymous_2)","decl":{"start":{"line":7,"column":9},"end":{"line":7,"column":20}},"loc":{"start":{"line":7,"column":20},"end":{"line":9,"column":3}}},"2":{"name":"(anonymous_3)","decl":{"start":{"line":11,"column":9},"end":{"line":11,"column":25}},"loc":{"start":{"line":11,"column":45},"end":{"line":19,"column":3}}},"3":{"name":"(anonymous_4)","decl":{"start":{"line":21,"column":9},"end":{"line":21,"column":24}},"loc":{"start":{"line":21,"column":59},"end":{"line":44,"column":3}}},"4":{"name":"(anonymous_5)","decl":{"start":{"line":46,"column":9},"end":{"line":46,"column":14}},"loc":{"start":{"line":46,"column":51},"end":{"line":54,"column":3}}},"5":{"name":"(anonymous_6)","decl":{"start":{"line":57,"column":9},"end":{"line":57,"column":19}},"loc":{"start":{"line":57,"column":62},"end":{"line":66,"column":3}}},"6":{"name":"(anonymous_7)","decl":{"start":{"line":68,"column":9},"end":{"line":68,"column":21}},"loc":{"start":{"line":68,"column":58},"end":{"line":79,"column":3}}},"7":{"name":"(anonymous_8)","decl":{"start":{"line":81,"column":9},"end":{"line":81,"column":19}},"loc":{"start":{"line":81,"column":56},"end":{"line":89,"column":3}}},"8":{"name":"(anonymous_9)","decl":{"start":{"line":91,"column":9},"end":{"line":91,"column":27}},"loc":{"start":{"line":91,"column":82},"end":{"line":100,"column":3}}}},"branchMap":{"0":{"loc":{"start":{"line":14,"column":6},"end":{"line":16,"column":null}},"type":"if","locations":[{"start":{"line":14,"column":6},"end":{"line":16,"column":null}}]},"1":{"loc":{"start":{"line":23,"column":4},"end":{"line":43,"column":null}},"type":"if","locations":[{"start":{"line":23,"column":4},"end":{"line":43,"column":null}},{"start":{"line":26,"column":11},"end":{"line":43,"column":null}}]},"2":{"loc":{"start":{"line":23,"column":8},"end":{"line":23,"column":44}},"type":"binary-expr","locations":[{"start":{"line":23,"column":8},"end":{"line":23,"column":25}},{"start":{"line":23,"column":29},"end":{"line":23,"column":44}}]},"3":{"loc":{"start":{"line":28,"column":6},"end":{"line":42,"column":null}},"type":"if","locations":[{"start":{"line":28,"column":6},"end":{"line":42,"column":null}},{"start":{"line":39,"column":13},"end":{"line":42,"column":null}}]},"4":{"loc":{"start":{"line":30,"column":8},"end":{"line":38,"column":null}},"type":"if","locations":[{"start":{"line":30,"column":8},"end":{"line":38,"column":null}},{"start":{"line":33,"column":15},"end":{"line":38,"column":null}}]},"5":{"loc":{"start":{"line":30,"column":12},"end":{"line":30,"column":48}},"type":"binary-expr","locations":[{"start":{"line":30,"column":12},"end":{"line":30,"column":29}},{"start":{"line":30,"column":33},"end":{"line":30,"column":48}}]},"6":{"loc":{"start":{"line":49,"column":6},"end":{"line":51,"column":null}},"type":"if","locations":[{"start":{"line":49,"column":6},"end":{"line":51,"column":null}}]},"7":{"loc":{"start":{"line":49,"column":9},"end":{"line":49,"column":101}},"type":"binary-expr","locations":[{"start":{"line":49,"column":9},"end":{"line":49,"column":53}},{"start":{"line":49,"column":57},"end":{"line":49,"column":101}}]},"8":{"loc":{"start":{"line":61,"column":6},"end":{"line":63,"column":null}},"type":"if","locations":[{"start":{"line":61,"column":6},"end":{"line":63,"column":null}}]},"9":{"loc":{"start":{"line":61,"column":9},"end":{"line":61,"column":119}},"type":"binary-expr","locations":[{"start":{"line":61,"column":9},"end":{"line":61,"column":59}},{"start":{"line":61,"column":63},"end":{"line":61,"column":119}}]},"10":{"loc":{"start":{"line":71,"column":4},"end":{"line":78,"column":null}},"type":"if","locations":[{"start":{"line":71,"column":4},"end":{"line":78,"column":null}},{"start":{"line":76,"column":9},"end":{"line":78,"column":null}}]},"11":{"loc":{"start":{"line":83,"column":4},"end":{"line":88,"column":null}},"type":"if","locations":[{"start":{"line":83,"column":4},"end":{"line":88,"column":null}},{"start":{"line":86,"column":11},"end":{"line":88,"column":null}}]},"12":{"loc":{"start":{"line":93,"column":4},"end":{"line":99,"column":null}},"type":"if","locations":[{"start":{"line":93,"column":4},"end":{"line":99,"column":null}},{"start":{"line":97,"column":12},"end":{"line":99,"column":null}}]}},"s":{"0":1,"1":1,"2":7,"3":0,"4":13,"5":13,"6":6,"7":6,"8":1,"9":12,"10":13,"11":0,"12":0,"13":13,"14":13,"15":12,"16":0,"17":0,"18":12,"19":12,"20":12,"21":12,"22":1,"23":1,"24":7,"25":7,"26":7,"27":7,"28":6,"29":1,"30":10,"31":10,"32":10,"33":17,"34":6,"35":4,"36":2,"37":2,"38":1,"39":1,"40":1,"41":3,"42":3,"43":2,"44":2,"45":1,"46":2,"47":2,"48":1,"49":1,"50":1,"51":1,"52":1},"f":{"0":7,"1":0,"2":13,"3":13,"4":7,"5":10,"6":2,"7":3,"8":2},"b":{"0":[1],"1":[0,13],"2":[13,13],"3":[12,1],"4":[0,12],"5":[12,12],"6":[6],"7":[7,7],"8":[6],"9":[17,8],"10":[1,1],"11":[2,1],"12":[1,1]}}
,"C:\\dev\\social-network\\User.ts": {"path":"C:\\dev\\social-network\\User.ts","statementMap":{"0":{"start":{"line":1,"column":0},"end":{"line":1,"column":32}},"1":{"start":{"line":6,"column":12},"end":{"line":6,"column":39}},"2":{"start":{"line":10,"column":12},"end":{"line":10,"column":38}},"3":{"start":{"line":11,"column":12},"end":{"line":11,"column":42}},"4":{"start":{"line":12,"column":12},"end":{"line":12,"column":43}},"5":{"start":{"line":15,"column":8},"end":{"line":15,"column":33}},"6":{"start":{"line":16,"column":8},"end":{"line":16,"column":33}},"7":{"start":{"line":17,"column":8},"end":{"line":17,"column":19}},"8":{"start":{"line":21,"column":8},"end":{"line":21,"column":27}},"9":{"start":{"line":25,"column":8},"end":{"line":25,"column":29}},"10":{"start":{"line":29,"column":8},"end":{"line":29,"column":29}},"11":{"start":{"line":33,"column":8},"end":{"line":33,"column":29}},"12":{"start":{"line":37,"column":8},"end":{"line":37,"column":34}},"13":{"start":{"line":41,"column":8},"end":{"line":41,"column":34}},"14":{"start":{"line":45,"column":8},"end":{"line":45,"column":44}},"15":{"start":{"line":49,"column":8},"end":{"line":62,"column":null}},"16":{"start":{"line":50,"column":12},"end":{"line":50,"column":55}},"17":{"start":{"line":51,"column":12},"end":{"line":51,"column":19}},"18":{"start":{"line":53,"column":12},"end":{"line":61,"column":15}},"19":{"start":{"line":54,"column":16},"end":{"line":54,"column":51}},"20":{"start":{"line":55,"column":16},"end":{"line":55,"column":79}},"21":{"start":{"line":56,"column":16},"end":{"line":56,"column":51}},"22":{"start":{"line":57,"column":16},"end":{"line":57,"column":68}},"23":{"start":{"line":58,"column":16},"end":{"line":58,"column":51}},"24":{"start":{"line":59,"column":16},"end":{"line":59,"column":50}},"25":{"start":{"line":60,"column":16},"end":{"line":60,"column":51}},"26":{"start":{"line":66,"column":8},"end":{"line":66,"column":48}},"27":{"start":{"line":70,"column":8},"end":{"line":78,"column":null}},"28":{"start":{"line":71,"column":12},"end":{"line":71,"column":48}},"29":{"start":{"line":72,"column":12},"end":{"line":72,"column":19}},"30":{"start":{"line":74,"column":12},"end":{"line":76,"column":15}},"31":{"start":{"line":75,"column":16},"end":{"line":75,"column":53}},"32":{"start":{"line":77,"column":12},"end":{"line":77,"column":19}},"33":{"start":{"line":83,"column":8},"end":{"line":93,"column":null}},"34":{"start":{"line":84,"column":12},"end":{"line":84,"column":48}},"35":{"start":{"line":85,"column":12},"end":{"line":85,"column":25}},"36":{"start":{"line":89,"column":41},"end":{"line":89,"column":73}},"37":{"start":{"line":90,"column":12},"end":{"line":90,"column":43}},"38":{"start":{"line":91,"column":12},"end":{"line":91,"column":47}},"39":{"start":{"line":92,"column":12},"end":{"line":92,"column":24}},"40":{"start":{"line":97,"column":8},"end":{"line":109,"column":null}},"41":{"start":{"line":98,"column":12},"end":{"line":98,"column":50}},"42":{"start":{"line":99,"column":12},"end":{"line":99,"column":19}},"43":{"start":{"line":101,"column":12},"end":{"line":107,"column":15}},"44":{"start":{"line":102,"column":16},"end":{"line":102,"column":51}},"45":{"start":{"line":103,"column":16},"end":{"line":103,"column":79}},"46":{"start":{"line":104,"column":16},"end":{"line":104,"column":51}},"47":{"start":{"line":105,"column":16},"end":{"line":105,"column":50}},"48":{"start":{"line":106,"column":16},"end":{"line":106,"column":51}},"49":{"start":{"line":108,"column":12},"end":{"line":108,"column":19}},"50":{"start":{"line":4,"column":19},"end":{"line":4,"column":34}},"51":{"start":{"line":115,"column":0},"end":{"line":115,"column":20}}},"fnMap":{"0":{"name":"(anonymous_1)","decl":{"start":{"line":14,"column":4},"end":{"line":14,"column":23}},"loc":{"start":{"line":14,"column":59},"end":{"line":18,"column":5}}},"1":{"name":"(anonymous_2)","decl":{"start":{"line":20,"column":11},"end":{"line":20,"column":20}},"loc":{"start":{"line":20,"column":20},"end":{"line":22,"column":5}}},"2":{"name":"(anonymous_3)","decl":{"start":{"line":24,"column":11},"end":{"line":24,"column":22}},"loc":{"start":{"line":24,"column":22},"end":{"line":26,"column":5}}},"3":{"name":"(anonymous_4)","decl":{"start":{"line":28,"column":11},"end":{"line":28,"column":22}},"loc":{"start":{"line":28,"column":22},"end":{"line":30,"column":5}}},"4":{"name":"(anonymous_5)","decl":{"start":{"line":32,"column":11},"end":{"line":32,"column":22}},"loc":{"start":{"line":32,"column":22},"end":{"line":34,"column":5}}},"5":{"name":"(anonymous_6)","decl":{"start":{"line":36,"column":11},"end":{"line":36,"column":27}},"loc":{"start":{"line":36,"column":27},"end":{"line":38,"column":5}}},"6":{"name":"(anonymous_7)","decl":{"start":{"line":40,"column":11},"end":{"line":40,"column":27}},"loc":{"start":{"line":40,"column":27},"end":{"line":42,"column":5}}},"7":{"name":"(anonymous_8)","decl":{"start":{"line":44,"column":11},"end":{"line":44,"column":30}},"loc":{"start":{"line":44,"column":51},"end":{"line":46,"column":5}}},"8":{"name":"(anonymous_9)","decl":{"start":{"line":48,"column":11},"end":{"line":48,"column":32}},"loc":{"start":{"line":48,"column":32},"end":{"line":63,"column":5}}},"9":{"name":"(anonymous_10)","decl":{"start":{"line":53,"column":39},"end":{"line":53,"column":46}},"loc":{"start":{"line":53,"column":49},"end":{"line":61,"column":13}}},"10":{"name":"(anonymous_11)","decl":{"start":{"line":65,"column":11},"end":{"line":65,"column":26}},"loc":{"start":{"line":65,"column":50},"end":{"line":67,"column":5}}},"11":{"name":"(anonymous_12)","decl":{"start":{"line":69,"column":11},"end":{"line":69,"column":30}},"loc":{"start":{"line":69,"column":30},"end":{"line":79,"column":5}}},"12":{"name":"(anonymous_13)","decl":{"start":{"line":74,"column":39},"end":{"line":74,"column":42}},"loc":{"start":{"line":74,"column":45},"end":{"line":76,"column":13}}},"13":{"name":"(anonymous_14)","decl":{"start":{"line":81,"column":11},"end":{"line":81,"column":22}},"loc":{"start":{"line":81,"column":36},"end":{"line":94,"column":5}}},"14":{"name":"(anonymous_15)","decl":{"start":{"line":96,"column":11},"end":{"line":96,"column":26}},"loc":{"start":{"line":96,"column":26},"end":{"line":110,"column":5}}},"15":{"name":"(anonymous_16)","decl":{"start":{"line":101,"column":34},"end":{"line":101,"column":41}},"loc":{"start":{"line":101,"column":44},"end":{"line":107,"column":13}}}},"branchMap":{"0":{"loc":{"start":{"line":49,"column":8},"end":{"line":62,"column":null}},"type":"if","locations":[{"start":{"line":49,"column":8},"end":{"line":62,"column":null}},{"start":{"line":52,"column":15},"end":{"line":62,"column":null}}]},"1":{"loc":{"start":{"line":70,"column":8},"end":{"line":78,"column":null}},"type":"if","locations":[{"start":{"line":70,"column":8},"end":{"line":78,"column":null}},{"start":{"line":73,"column":15},"end":{"line":78,"column":null}}]},"2":{"loc":{"start":{"line":83,"column":8},"end":{"line":93,"column":null}},"type":"if","locations":[{"start":{"line":83,"column":8},"end":{"line":93,"column":null}},{"start":{"line":88,"column":13},"end":{"line":93,"column":null}}]},"3":{"loc":{"start":{"line":83,"column":11},"end":{"line":83,"column":39}},"type":"binary-expr","locations":[{"start":{"line":83,"column":11},"end":{"line":83,"column":24}},{"start":{"line":83,"column":28},"end":{"line":83,"column":39}}]},"4":{"loc":{"start":{"line":97,"column":8},"end":{"line":109,"column":null}},"type":"if","locations":[{"start":{"line":97,"column":8},"end":{"line":109,"column":null}},{"start":{"line":100,"column":15},"end":{"line":109,"column":null}}]}},"s":{"0":2,"1":14,"2":14,"3":14,"4":14,"5":14,"6":14,"7":14,"8":16,"9":36,"10":7,"11":4,"12":3,"13":0,"14":1,"15":0,"16":0,"17":0,"18":0,"19":0,"20":0,"21":0,"22":0,"23":0,"24":0,"25":0,"26":2,"27":0,"28":0,"29":0,"30":0,"31":0,"32":0,"33":2,"34":1,"35":1,"36":1,"37":1,"38":1,"39":1,"40":0,"41":0,"42":0,"43":0,"44":0,"45":0,"46":0,"47":0,"48":0,"49":0,"50":2,"51":2},"f":{"0":14,"1":16,"2":36,"3":7,"4":4,"5":3,"6":0,"7":1,"8":0,"9":0,"10":2,"11":0,"12":0,"13":2,"14":0,"15":0},"b":{"0":[0,0],"1":[0,0],"2":[1,1],"3":[2,2],"4":[0,0]}}
}
