TN:
SF:Message.ts
FN:6,(anonymous_0)
FN:11,(anonymous_1)
FN:15,(anonymous_2)
FN:19,(anonymous_3)
FNF:4
FNH:1
FNDA:2,(anonymous_0)
FNDA:0,(anonymous_1)
FNDA:0,(anonymous_2)
FNDA:0,(anonymous_3)
DA:2,2
DA:7,2
DA:8,2
DA:12,0
DA:16,0
DA:20,0
DA:24,2
LF:7
LH:4
BRF:0
BRH:0
end_of_record
TN:
SF:SocialNetwork.ts
FN:4,(anonymous_1)
FN:7,(anonymous_2)
FN:11,(anonymous_3)
FN:21,(anonymous_4)
FN:46,(anonymous_5)
FN:57,(anonymous_6)
FN:68,(anonymous_7)
FN:81,(anonymous_8)
FN:91,(anonymous_9)
FNF:9
FNH:8
FNDA:7,(anonymous_1)
FNDA:0,(anonymous_2)
FNDA:13,(anonymous_3)
FNDA:13,(anonymous_4)
FNDA:7,(anonymous_5)
FNDA:10,(anonymous_6)
FNDA:2,(anonymous_7)
FNDA:3,(anonymous_8)
FNDA:2,(anonymous_9)
DA:1,1
DA:2,1
DA:5,7
DA:8,0
DA:12,13
DA:13,6
DA:14,6
DA:15,1
DA:18,12
DA:23,13
DA:24,0
DA:25,0
DA:27,13
DA:28,13
DA:30,12
DA:31,0
DA:32,0
DA:34,12
DA:35,12
DA:36,12
DA:37,12
DA:40,1
DA:41,1
DA:47,7
DA:48,7
DA:49,7
DA:50,6
DA:53,1
DA:58,10
DA:59,10
DA:61,17
DA:62,6
DA:65,4
DA:69,2
DA:71,2
DA:72,1
DA:73,1
DA:77,1
DA:82,3
DA:83,3
DA:84,2
DA:85,2
DA:87,1
DA:92,2
DA:93,2
DA:94,1
DA:95,1
DA:96,1
DA:98,1
DA:109,1
LF:50
LH:45
BRDA:14,0,0,1
BRDA:23,1,0,0
BRDA:23,1,1,13
BRDA:23,2,0,13
BRDA:23,2,1,13
BRDA:28,3,0,12
BRDA:28,3,1,1
BRDA:30,4,0,0
BRDA:30,4,1,12
BRDA:30,5,0,12
BRDA:30,5,1,12
BRDA:49,6,0,6
BRDA:49,7,0,7
BRDA:49,7,1,7
BRDA:61,8,0,6
BRDA:61,9,0,17
BRDA:61,9,1,8
BRDA:71,10,0,1
BRDA:71,10,1,1
BRDA:83,11,0,2
BRDA:83,11,1,1
BRDA:93,12,0,1
BRDA:93,12,1,1
BRF:23
BRH:21
end_of_record
TN:
SF:User.ts
FN:14,(anonymous_1)
FN:20,(anonymous_2)
FN:24,(anonymous_3)
FN:28,(anonymous_4)
FN:32,(anonymous_5)
FN:36,(anonymous_6)
FN:40,(anonymous_7)
FN:44,(anonymous_8)
FN:48,(anonymous_9)
FN:53,(anonymous_10)
FN:65,(anonymous_11)
FN:69,(anonymous_12)
FN:74,(anonymous_13)
FN:81,(anonymous_14)
FN:96,(anonymous_15)
FN:101,(anonymous_16)
FNF:16
FNH:9
FNDA:14,(anonymous_1)
FNDA:16,(anonymous_2)
FNDA:36,(anonymous_3)
FNDA:7,(anonymous_4)
FNDA:4,(anonymous_5)
FNDA:3,(anonymous_6)
FNDA:0,(anonymous_7)
FNDA:1,(anonymous_8)
FNDA:0,(anonymous_9)
FNDA:0,(anonymous_10)
FNDA:2,(anonymous_11)
FNDA:0,(anonymous_12)
FNDA:0,(anonymous_13)
FNDA:2,(anonymous_14)
FNDA:0,(anonymous_15)
FNDA:0,(anonymous_16)
DA:1,2
DA:4,2
DA:6,14
DA:10,14
DA:11,14
DA:12,14
DA:15,14
DA:16,14
DA:17,14
DA:21,16
DA:25,36
DA:29,7
DA:33,4
DA:37,3
DA:41,0
DA:45,1
DA:49,0
DA:50,0
DA:51,0
DA:53,0
DA:54,0
DA:55,0
DA:56,0
DA:57,0
DA:58,0
DA:59,0
DA:60,0
DA:66,2
DA:70,0
DA:71,0
DA:72,0
DA:74,0
DA:75,0
DA:77,0
DA:83,2
DA:84,1
DA:85,1
DA:89,1
DA:90,1
DA:91,1
DA:92,1
DA:97,0
DA:98,0
DA:99,0
DA:101,0
DA:102,0
DA:103,0
DA:104,0
DA:105,0
DA:106,0
DA:108,0
DA:115,2
LF:52
LH:24
BRDA:49,0,0,0
BRDA:49,0,1,0
BRDA:70,1,0,0
BRDA:70,1,1,0
BRDA:83,2,0,1
BRDA:83,2,1,1
BRDA:83,3,0,2
BRDA:83,3,1,2
BRDA:97,4,0,0
BRDA:97,4,1,0
BRF:10
BRH:4
end_of_record
